[2025-07-25T19:26:49.883468+00:00] app_logs.INFO: agente1@bng.com - fez logout [] []
[2025-07-25T19:26:57.692435+00:00] app_logs.ERROR: admin@bng.com - Login Inválido [] []
[2025-07-25T19:28:16.235149+00:00] app_logs.INFO:  - fez logout [] []
[2025-07-25T19:28:20.659039+00:00] app_logs.INFO:  - fez logout [] []
[2025-07-25T19:28:23.235786+00:00] app_logs.ERROR: admin@bng.com - Login Inválido [] []
[2025-07-25T19:29:51.204911+00:00] app_logs.ERROR: admin@bng.com - Login Inválido [] []
[2025-07-25T19:41:44.468813+00:00] app_logs.INFO: admin@bng.com - Login com sucesso [] []
[2025-08-01T23:07:59.876227+00:00] app_logs.INFO: admin@bng.com - login com sucesso [] []
[2025-08-01T23:09:53.264855+00:00] app_logs.INFO: admin@bng.com - login com sucesso [] []
[2025-08-01T23:12:46.910870+00:00] app_logs.INFO: admin@bng.com - visualizou o PDF com o report estatístico. [] []
[2025-11-28T02:37:19.193569+00:00] app_logs.INFO: admin@bng.com - login com sucesso [] []
[2025-12-02T00:30:41.955720+00:00] app_logs.ERROR: admin@bng.com - login inválido [] []
[2025-12-02T00:31:19.522621+00:00] app_logs.INFO: admin@bng.com - login com sucesso [] []
[2025-12-02T00:31:50.834493+00:00] app_logs.INFO: admin@bng.com - fez download da lista de clientes para o ficheiro: output_1764635509.xlsx | total: 4 registos. [] []
[2025-12-02T00:32:43.805845+00:00] app_logs.INFO: admin@bng.com - eliminado com sucesso o agente ID: 4 [] []
[2025-12-02T00:33:54.366792+00:00] app_logs.INFO: admin@bng.com - eliminado com sucesso o agente ID: 4 [] []
[2025-12-02T00:33:59.723810+00:00] app_logs.INFO: admin@bng.com - eliminado com sucesso o agente ID: 3 [] []
[2025-12-02T00:34:02.367199+00:00] app_logs.INFO: admin@bng.com - recuperado com sucesso o agente ID: 3 [] []
[2025-12-02T00:34:05.021493+00:00] app_logs.INFO: admin@bng.com - eliminado com sucesso o agente ID: 3 [] []
[2025-12-02T00:34:07.585231+00:00] app_logs.INFO: admin@bng.com - recuperado com sucesso o agente ID: 3 [] []
[2025-12-02T00:34:14.966205+00:00] app_logs.INFO: admin@bng.com - editado com sucesso os dados do agente ID: 3 - agente2@bng.com [] []
[2025-12-02T00:46:57.004637+00:00] app_logs.INFO: admin@bng.com - visualizou o PDF com o report estatístico. [] []
[2025-12-02T00:47:02.784572+00:00] app_logs.INFO: admin@bng.com - visualizou o PDF com o report estatístico. [] []
[2025-12-02T00:47:23.069594+00:00] app_logs.INFO: admin@bng.com - visualizou o PDF com o report estatístico. [] []
[2025-12-02T00:47:37.062987+00:00] app_logs.INFO: admin@bng.com - fez download da lista de agentes para o ficheiro: output_1764636457.xlsx | total: 3 registos. [] []
[2025-12-02T00:47:37.403743+00:00] app_logs.INFO: admin@bng.com - fez download da lista de agentes para o ficheiro: output_1764636457.xlsx | total: 3 registos. [] []
[2025-12-02T00:47:45.446515+00:00] app_logs.INFO: admin@bng.com - fez download da lista de clientes para o ficheiro: output_1764636465.xlsx | total: 4 registos. [] []
[2025-12-04T13:56:55.728213+00:00] app_logs.INFO: admin@bng.com - login com sucesso [] []
[2025-12-04T13:57:02.587305+00:00] app_logs.INFO: admin@bng.com - fez download da lista de agentes para o ficheiro: output_1764856620.xlsx | total: 3 registos. [] []
[2025-12-04T13:57:10.562361+00:00] app_logs.INFO: admin@bng.com - visualizou o PDF com o report estatístico. [] []
[2025-12-04T14:06:57.620123+00:00] app_logs.INFO: admin@bng.com - fez logout [] []
[2025-12-04T14:07:06.032370+00:00] app_logs.INFO: agente1@bng.com - login com sucesso [] []
[2025-12-04T14:21:05.096515+00:00] app_logs.INFO: agente1@bng.com - fez logout [] []
[2025-12-04T14:21:11.078609+00:00] app_logs.INFO: admin@bng.com - login com sucesso [] []
[2025-12-04T14:21:15.612023+00:00] app_logs.INFO: admin@bng.com - visualizou o PDF com o report estatístico. [] []
[2025-12-04T14:21:33.718150+00:00] app_logs.INFO: admin@bng.com - visualizou o PDF com o report estatístico. [] []
[2025-12-04T14:25:06.442807+00:00] app_logs.INFO: admin@bng.com - visualizou o PDF com o report estatístico. [] []
[2025-12-04T14:25:09.409902+00:00] app_logs.INFO: admin@bng.com - visualizou o PDF com o report estatístico. [] []
[2025-12-04T14:25:36.647890+00:00] app_logs.INFO: admin@bng.com - fez logout [] []
[2025-12-04T14:25:46.890878+00:00] app_logs.ERROR: agent1@bng.com - login inválido [] []
[2025-12-04T14:25:54.260653+00:00] app_logs.INFO: agente1@bng.com - login com sucesso [] []
